#
# There is insufficient memory for the Java Runtime Environment to continue.
# Native memory allocation (mmap) failed to map 65536 bytes for Failed to commit metaspace.
# Possible reasons:
#   The system is out of physical RAM or swap space
#   The process is running with CompressedOops enabled, and the Java Heap may be blocking the growth of the native heap
# Possible solutions:
#   Reduce memory load on the system
#   Increase physical memory or swap space
#   Check if swap backing store is full
#   Decrease Java heap size (-Xmx/-Xms)
#   Decrease number of Java threads
#   Decrease Java thread stack sizes (-Xss)
#   Set larger code cache with -XX:ReservedCodeCacheSize=
#   JVM is running with Unscaled Compressed Oops mode in which the Java heap is
#     placed in the first 4GB address space. The Java Heap base address is the
#     maximum limit for the native heap growth. Please use -XX:HeapBaseMinAddress
#     to set the Java Heap base and to place the Java Heap above 4GB virtual address.
# This output file may be truncated or incomplete.
#
#  Out of Memory Error (virtualSpaceNode.cpp:110), pid=10204, tid=12716
#
# JRE version: Java(TM) SE Runtime Environment (17.0.10+11) (build 17.0.10+11-LTS-240)
# Java VM: Java HotSpot(TM) 64-Bit Server VM (17.0.10+11-LTS-240, mixed mode, sharing, tiered, compressed oops, compressed class ptrs, g1 gc, windows-amd64)
# No core dump will be written. Minidumps are not enabled by default on client versions of Windows
#

---------------  S U M M A R Y ------------

Command Line: -javaagent:C:\Program Files\JetBrains\IntelliJ IDEA Community Edition 2025.1\lib\idea_rt.jar=3668 -Dfile.encoding=UTF-8 com.ruhama.Ecom_proj.EcomProjApplication

Host: Intel(R) Core(TM) i5-8250U CPU @ 1.60GHz, 8 cores, 7G,  Windows 11 , 64 bit Build 26100 (10.0.26100.4484)
Time: Sat Aug  2 20:30:08 2025 Pacific Daylight Time elapsed time: 11605.300264 seconds (0d 3h 13m 25s)

---------------  T H R E A D  ---------------

Current thread (0x0000022d0b7a4950):  JavaThread "File Watcher" daemon [_thread_in_vm, id=12716, stack(0x000000d8d6900000,0x000000d8d6a00000)]

Stack: [0x000000d8d6900000,0x000000d8d6a00000]
Native frames: (J=compiled Java code, j=interpreted, Vv=VM code, C=native code)
V  [jvm.dll+0x677a5a]
V  [jvm.dll+0x7d8b2d]
V  [jvm.dll+0x7da48e]
V  [jvm.dll+0x7daaf3]
V  [jvm.dll+0x2455ff]
V  [jvm.dll+0x7d483b]
V  [jvm.dll+0x61dc06]
V  [jvm.dll+0x1bfa87]
V  [jvm.dll+0x620570]
V  [jvm.dll+0x61e5c6]
V  [jvm.dll+0x242fcc]
V  [jvm.dll+0x6ce48d]
V  [jvm.dll+0x6cee8f]
V  [jvm.dll+0x36e7e5]
V  [jvm.dll+0x36d894]
V  [jvm.dll+0x36d838]
V  [jvm.dll+0x37d64a]
C  0x0000022cb34eb80d

Java frames: (J=compiled Java code, j=interpreted, Vv=VM code)
j  org.springframework.boot.devtools.autoconfigure.LocalDevToolsAutoConfiguration$RestartingClassPathChangeChangedEventListener.onApplicationEvent(Lorg/springframework/boot/devtools/classpath/ClassPathChangedEvent;)V+44
j  org.springframework.boot.devtools.autoconfigure.LocalDevToolsAutoConfiguration$RestartingClassPathChangeChangedEventListener.onApplicationEvent(Lorg/springframework/context/ApplicationEvent;)V+5
j  org.springframework.context.event.SimpleApplicationEventMulticaster.doInvokeListener(Lorg/springframework/context/ApplicationListener;Lorg/springframework/context/ApplicationEvent;)V+2
j  org.springframework.context.event.SimpleApplicationEventMulticaster.invokeListener(Lorg/springframework/context/ApplicationListener;Lorg/springframework/context/ApplicationEvent;)V+34
j  org.springframework.context.event.SimpleApplicationEventMulticaster.multicastEvent(Lorg/springframework/context/ApplicationEvent;Lorg/springframework/core/ResolvableType;)V+104
j  org.springframework.context.support.AbstractApplicationContext.publishEvent(Ljava/lang/Object;Lorg/springframework/core/ResolvableType;)V+122
j  org.springframework.context.support.AbstractApplicationContext.publishEvent(Lorg/springframework/context/ApplicationEvent;)V+3
j  org.springframework.boot.devtools.classpath.ClassPathFileChangeListener.publishEvent(Lorg/springframework/boot/devtools/classpath/ClassPathChangedEvent;)V+5
j  org.springframework.boot.devtools.classpath.ClassPathFileChangeListener.onChange(Ljava/util/Set;)V+17
j  org.springframework.boot.devtools.filewatch.FileSystemWatcher$Watcher.fireListeners(Ljava/util/Set;)V+31
j  org.springframework.boot.devtools.filewatch.FileSystemWatcher$Watcher.updateSnapshots(Ljava/util/Collection;)V+146
J 5346 c1 org.springframework.boot.devtools.filewatch.FileSystemWatcher$Watcher.scan()V (63 bytes) @ 0x0000022cac0a591c [0x0000022cac0a5620+0x00000000000002fc]
j  org.springframework.boot.devtools.filewatch.FileSystemWatcher$Watcher.run()V+30
j  java.lang.Thread.run()V+11 java.base@17.0.10
v  ~StubRoutines::call_stub

---------------  P R O C E S S  ---------------

Threads class SMR info:
_java_thread_list=0x0000022d0c4e46e0, length=30, elements={
0x0000022cc3016000, 0x0000022cc3017730, 0x0000022cc30286a0, 0x0000022cc302b270,
0x0000022cc302edc0, 0x0000022cc303f7a0, 0x0000022cc3044460, 0x0000022cc3045730,
0x0000022cc304cef0, 0x0000022cc304f260, 0x0000022cc304e840, 0x0000022cc304de20,
0x0000022cc304e330, 0x0000022d0b7a3f30, 0x0000022d0b7a5d90, 0x0000022d0b7a4950,
0x0000022d0b7a67b0, 0x0000022d0b7a62a0, 0x0000022d0b7a6cc0, 0x0000022d0b7a71d0,
0x0000022d0b7a76e0, 0x0000022d0b7a7bf0, 0x0000022d0b7a4440, 0x0000022d0b7a8100,
0x0000022d0b7a8610, 0x0000022d0b7a4e60, 0x0000022d0b7a8b20, 0x0000022d0b7a9030,
0x0000022d0b7a5880, 0x0000022d0b7a9540
}

Java Threads: ( => current thread )
  0x0000022cc3016000 JavaThread "Reference Handler" daemon [_thread_blocked, id=11780, stack(0x000000d8d4b00000,0x000000d8d4c00000)]
  0x0000022cc3017730 JavaThread "Finalizer" daemon [_thread_blocked, id=6224, stack(0x000000d8d4c00000,0x000000d8d4d00000)]
  0x0000022cc30286a0 JavaThread "Signal Dispatcher" daemon [_thread_blocked, id=14148, stack(0x000000d8d4d00000,0x000000d8d4e00000)]
  0x0000022cc302b270 JavaThread "Attach Listener" daemon [_thread_blocked, id=12160, stack(0x000000d8d4e00000,0x000000d8d4f00000)]
  0x0000022cc302edc0 JavaThread "Service Thread" daemon [_thread_blocked, id=11468, stack(0x000000d8d4f00000,0x000000d8d5000000)]
  0x0000022cc303f7a0 JavaThread "Monitor Deflation Thread" daemon [_thread_blocked, id=12560, stack(0x000000d8d5000000,0x000000d8d5100000)]
  0x0000022cc3044460 JavaThread "C2 CompilerThread0" daemon [_thread_blocked, id=13192, stack(0x000000d8d5100000,0x000000d8d5200000)]
  0x0000022cc3045730 JavaThread "C1 CompilerThread0" daemon [_thread_blocked, id=7956, stack(0x000000d8d5200000,0x000000d8d5300000)]
  0x0000022cc304cef0 JavaThread "Sweeper thread" daemon [_thread_blocked, id=12992, stack(0x000000d8d5300000,0x000000d8d5400000)]
  0x0000022cc304f260 JavaThread "Common-Cleaner" daemon [_thread_blocked, id=14188, stack(0x000000d8d5400000,0x000000d8d5500000)]
  0x0000022cc304e840 JavaThread "Notification Thread" daemon [_thread_blocked, id=13860, stack(0x000000d8d5700000,0x000000d8d5800000)]
  0x0000022cc304de20 JavaThread "Catalina-utility-1" [_thread_blocked, id=7612, stack(0x000000d8d6400000,0x000000d8d6500000)]
  0x0000022cc304e330 JavaThread "Catalina-utility-2" [_thread_blocked, id=8332, stack(0x000000d8d6500000,0x000000d8d6600000)]
  0x0000022d0b7a3f30 JavaThread "container-0" [_thread_blocked, id=13888, stack(0x000000d8d6600000,0x000000d8d6700000)]
  0x0000022d0b7a5d90 JavaThread "HikariPool-1:housekeeper" daemon [_thread_blocked, id=12652, stack(0x000000d8d6700000,0x000000d8d6800000)]
=>0x0000022d0b7a4950 JavaThread "File Watcher" daemon [_thread_in_vm, id=12716, stack(0x000000d8d6900000,0x000000d8d6a00000)]
  0x0000022d0b7a67b0 JavaThread "Live Reload Server" daemon [_thread_in_native, id=13704, stack(0x000000d8d6b00000,0x000000d8d6c00000)]
  0x0000022d0b7a62a0 JavaThread "http-nio-8080-exec-1" daemon [_thread_blocked, id=5992, stack(0x000000d8d6a00000,0x000000d8d6b00000)]
  0x0000022d0b7a6cc0 JavaThread "http-nio-8080-exec-2" daemon [_thread_blocked, id=12508, stack(0x000000d8d6c00000,0x000000d8d6d00000)]
  0x0000022d0b7a71d0 JavaThread "http-nio-8080-exec-3" daemon [_thread_blocked, id=2068, stack(0x000000d8d6d00000,0x000000d8d6e00000)]
  0x0000022d0b7a76e0 JavaThread "http-nio-8080-exec-4" daemon [_thread_blocked, id=10584, stack(0x000000d8d6e00000,0x000000d8d6f00000)]
  0x0000022d0b7a7bf0 JavaThread "http-nio-8080-exec-5" daemon [_thread_blocked, id=13536, stack(0x000000d8d6f00000,0x000000d8d7000000)]
  0x0000022d0b7a4440 JavaThread "http-nio-8080-exec-6" daemon [_thread_blocked, id=12896, stack(0x000000d8d7000000,0x000000d8d7100000)]
  0x0000022d0b7a8100 JavaThread "http-nio-8080-exec-7" daemon [_thread_blocked, id=9720, stack(0x000000d8d7100000,0x000000d8d7200000)]
  0x0000022d0b7a8610 JavaThread "http-nio-8080-exec-8" daemon [_thread_blocked, id=12348, stack(0x000000d8d7200000,0x000000d8d7300000)]
  0x0000022d0b7a4e60 JavaThread "http-nio-8080-exec-9" daemon [_thread_blocked, id=11500, stack(0x000000d8d7300000,0x000000d8d7400000)]
  0x0000022d0b7a8b20 JavaThread "http-nio-8080-exec-10" daemon [_thread_blocked, id=6760, stack(0x000000d8d7400000,0x000000d8d7500000)]
  0x0000022d0b7a9030 JavaThread "http-nio-8080-Poller" daemon [_thread_in_native, id=12172, stack(0x000000d8d7500000,0x000000d8d7600000)]
  0x0000022d0b7a5880 JavaThread "http-nio-8080-Acceptor" daemon [_thread_in_native, id=9868, stack(0x000000d8d7600000,0x000000d8d7700000)]
  0x0000022d0b7a9540 JavaThread "DestroyJavaVM" [_thread_blocked, id=11880, stack(0x000000d8d4400000,0x000000d8d4500000)]

Other Threads:
  0x0000022cc30109e0 VMThread "VM Thread" [stack: 0x000000d8d4a00000,0x000000d8d4b00000] [id=12472]
  0x0000022cc344cee0 WatcherThread [stack: 0x000000d8d5800000,0x000000d8d5900000] [id=2152]
  0x0000022ca3186700 GCTaskThread "GC Thread#0" [stack: 0x000000d8d4500000,0x000000d8d4600000] [id=10520]
  0x0000022cc3d0d990 GCTaskThread "GC Thread#1" [stack: 0x000000d8d5a00000,0x000000d8d5b00000] [id=11188]
  0x0000022cc3d16c90 GCTaskThread "GC Thread#2" [stack: 0x000000d8d5b00000,0x000000d8d5c00000] [id=8572]
  0x0000022cc3d53250 GCTaskThread "GC Thread#3" [stack: 0x000000d8d5c00000,0x000000d8d5d00000] [id=13028]
  0x0000022cc3d53510 GCTaskThread "GC Thread#4" [stack: 0x000000d8d5d00000,0x000000d8d5e00000] [id=6384]
  0x0000022cc3d53fe0 GCTaskThread "GC Thread#5" [stack: 0x000000d8d5e00000,0x000000d8d5f00000] [id=12784]
  0x0000022cc3cb4f50 GCTaskThread "GC Thread#6" [stack: 0x000000d8d6200000,0x000000d8d6300000] [id=3744]
  0x0000022cc3cb4190 GCTaskThread "GC Thread#7" [stack: 0x000000d8d6300000,0x000000d8d6400000] [id=12608]
  0x0000022ca319b820 ConcurrentGCThread "G1 Main Marker" [stack: 0x000000d8d4600000,0x000000d8d4700000] [id=13352]
  0x0000022ca319c230 ConcurrentGCThread "G1 Conc#0" [stack: 0x000000d8d4700000,0x000000d8d4800000] [id=11640]
  0x0000022cc3cb54d0 ConcurrentGCThread "G1 Conc#1" [stack: 0x000000d8d6000000,0x000000d8d6100000] [id=13336]
  0x0000022ca31ee3e0 ConcurrentGCThread "G1 Refine#0" [stack: 0x000000d8d4800000,0x000000d8d4900000] [id=3028]
  0x0000022cc2eca100 ConcurrentGCThread "G1 Service" [stack: 0x000000d8d4900000,0x000000d8d4a00000] [id=13416]

Threads with active compile tasks:

VM state: not at safepoint (normal execution)

VM Mutex/Monitor currently owned by a thread:  ([mutex/lock_event])
[0x0000022ca3126740] Metaspace_lock - owner thread: 0x0000022d0b7a4950

Heap address: 0x0000000081600000, size: 2026 MB, Compressed Oops mode: 32-bit

CDS archive(s) mapped at: [0x0000022cc4000000-0x0000022cc4bd0000-0x0000022cc4bd0000), size 12386304, SharedBaseAddress: 0x0000022cc4000000, ArchiveRelocationMode: 1.
Compressed class space mapped at: 0x0000022cc5000000-0x0000022d05000000, reserved size: 1073741824
Narrow klass base: 0x0000022cc4000000, Narrow klass shift: 0, Narrow klass range: 0x100000000

GC Precious Log:
 CPUs: 8 total, 8 available
 Memory: 8103M
 Large Page Support: Disabled
 NUMA Support: Disabled
 Compressed Oops: Enabled (32-bit)
 Heap Region Size: 1M
 Heap Min Capacity: 8M
 Heap Initial Capacity: 128M
 Heap Max Capacity: 2026M
 Pre-touch: Disabled
 Parallel Workers: 8
 Concurrent Workers: 2
 Concurrent Refinement Workers: 8
 Periodic GC: Disabled

Heap:
 garbage-first heap   total 55296K, used 27320K [0x0000000081600000, 0x0000000100000000)
  region size 1024K, 2 young (2048K), 1 survivors (1024K)
 Metaspace       used 65182K, committed 65664K, reserved 1114112K
  class space    used 8904K, committed 9152K, reserved 1048576K

Heap Regions: E=young(eden), S=young(survivor), O=old, HS=humongous(starts), HC=humongous(continues), CS=collection set, F=free, OA=open archive, CA=closed archive, TAMS=top-at-mark-start (previous, next)
|   0|0x0000000081600000, 0x0000000081700000, 0x0000000081700000|100%|HS|  |TAMS 0x0000000081700000, 0x0000000081600000| Complete 
|   1|0x0000000081700000, 0x0000000081800000, 0x0000000081800000|100%|HS|  |TAMS 0x0000000081800000, 0x0000000081700000| Complete 
|   2|0x0000000081800000, 0x0000000081900000, 0x0000000081900000|100%| O|  |TAMS 0x0000000081900000, 0x0000000081800000| Untracked 
|   3|0x0000000081900000, 0x0000000081a00000, 0x0000000081a00000|100%| O|  |TAMS 0x0000000081a00000, 0x0000000081900000| Untracked 
|   4|0x0000000081a00000, 0x0000000081b00000, 0x0000000081b00000|100%| O|  |TAMS 0x0000000081b00000, 0x0000000081a00000| Untracked 
|   5|0x0000000081b00000, 0x0000000081c00000, 0x0000000081c00000|100%| O|  |TAMS 0x0000000081c00000, 0x0000000081b00000| Untracked 
|   6|0x0000000081c00000, 0x0000000081d00000, 0x0000000081d00000|100%| O|  |TAMS 0x0000000081d00000, 0x0000000081c00000| Untracked 
|   7|0x0000000081d00000, 0x0000000081d00000, 0x0000000081e00000|  0%| F|  |TAMS 0x0000000081d00000, 0x0000000081d00000| Untracked 
|   8|0x0000000081e00000, 0x0000000081f00000, 0x0000000081f00000|100%| O|  |TAMS 0x0000000081f00000, 0x0000000081e00000| Untracked 
|   9|0x0000000081f00000, 0x0000000082000000, 0x0000000082000000|100%| O|  |TAMS 0x0000000082000000, 0x0000000081f00000| Untracked 
|  10|0x0000000082000000, 0x0000000082100000, 0x0000000082100000|100%| O|  |TAMS 0x0000000082100000, 0x0000000082000000| Untracked 
|  11|0x0000000082100000, 0x0000000082200000, 0x0000000082200000|100%| O|  |TAMS 0x0000000082200000, 0x0000000082100000| Untracked 
|  12|0x0000000082200000, 0x0000000082300000, 0x0000000082300000|100%| O|  |TAMS 0x0000000082300000, 0x0000000082200000| Untracked 
|  13|0x0000000082300000, 0x0000000082400000, 0x0000000082400000|100%| O|  |TAMS 0x0000000082400000, 0x0000000082300000| Untracked 
|  14|0x0000000082400000, 0x0000000082500000, 0x0000000082500000|100%| O|  |TAMS 0x0000000082500000, 0x0000000082400000| Untracked 
|  15|0x0000000082500000, 0x0000000082600000, 0x0000000082600000|100%| O|  |TAMS 0x0000000082600000, 0x0000000082500000| Untracked 
|  16|0x0000000082600000, 0x0000000082700000, 0x0000000082700000|100%| O|  |TAMS 0x0000000082700000, 0x0000000082600000| Untracked 
|  17|0x0000000082700000, 0x0000000082800000, 0x0000000082800000|100%| O|  |TAMS 0x0000000082800000, 0x0000000082700000| Untracked 
|  18|0x0000000082800000, 0x0000000082900000, 0x0000000082900000|100%| O|  |TAMS 0x0000000082900000, 0x0000000082800000| Untracked 
|  19|0x0000000082900000, 0x0000000082a00000, 0x0000000082a00000|100%| O|  |TAMS 0x0000000082a00000, 0x0000000082900000| Complete 
|  20|0x0000000082a00000, 0x0000000082aa8000, 0x0000000082b00000| 65%| O|  |TAMS 0x0000000082a00000, 0x0000000082a00000| Untracked 
|  21|0x0000000082b00000, 0x0000000082c00000, 0x0000000082c00000|100%| O|  |TAMS 0x0000000082c00000, 0x0000000082b00000| Untracked 
|  22|0x0000000082c00000, 0x0000000082c00000, 0x0000000082d00000|  0%| F|  |TAMS 0x0000000082c00000, 0x0000000082c00000| Untracked 
|  23|0x0000000082d00000, 0x0000000082e00000, 0x0000000082e00000|100%| O|  |TAMS 0x0000000082d00000, 0x0000000082d00000| Untracked 
|  24|0x0000000082e00000, 0x0000000082f00000, 0x0000000082f00000|100%| O|  |TAMS 0x0000000082f00000, 0x0000000082e00000| Complete 
|  25|0x0000000082f00000, 0x0000000083000000, 0x0000000083000000|100%| O|  |TAMS 0x0000000083000000, 0x0000000082f00000| Untracked 
|  26|0x0000000083000000, 0x0000000083100000, 0x0000000083100000|100%| O|  |TAMS 0x00000000830c5600, 0x0000000083000000| Untracked 
|  27|0x0000000083100000, 0x0000000083200000, 0x0000000083200000|100%| O|  |TAMS 0x0000000083100000, 0x0000000083100000| Untracked 
|  28|0x0000000083200000, 0x0000000083300000, 0x0000000083300000|100%| O|  |TAMS 0x0000000083200000, 0x0000000083200000| Untracked 
|  29|0x0000000083300000, 0x0000000083300000, 0x0000000083400000|  0%| F|  |TAMS 0x0000000083300000, 0x0000000083300000| Untracked 
|  30|0x0000000083400000, 0x0000000083400000, 0x0000000083500000|  0%| F|  |TAMS 0x0000000083400000, 0x0000000083400000| Untracked 
|  31|0x0000000083500000, 0x0000000083500000, 0x0000000083600000|  0%| F|  |TAMS 0x0000000083500000, 0x0000000083500000| Untracked 
|  32|0x0000000083600000, 0x0000000083600000, 0x0000000083700000|  0%| F|  |TAMS 0x0000000083600000, 0x0000000083600000| Untracked 
|  33|0x0000000083700000, 0x0000000083700000, 0x0000000083800000|  0%| F|  |TAMS 0x0000000083700000, 0x0000000083700000| Untracked 
|  34|0x0000000083800000, 0x0000000083800000, 0x0000000083900000|  0%| F|  |TAMS 0x0000000083800000, 0x0000000083800000| Untracked 
|  35|0x0000000083900000, 0x0000000083900000, 0x0000000083a00000|  0%| F|  |TAMS 0x0000000083900000, 0x0000000083900000| Untracked 
|  36|0x0000000083a00000, 0x0000000083a00000, 0x0000000083b00000|  0%| F|  |TAMS 0x0000000083a00000, 0x0000000083a00000| Untracked 
|  37|0x0000000083b00000, 0x0000000083b00000, 0x0000000083c00000|  0%| F|  |TAMS 0x0000000083b00000, 0x0000000083b00000| Untracked 
|  38|0x0000000083c00000, 0x0000000083c00000, 0x0000000083d00000|  0%| F|  |TAMS 0x0000000083c00000, 0x0000000083c00000| Untracked 
|  39|0x0000000083d00000, 0x0000000083d00000, 0x0000000083e00000|  0%| F|  |TAMS 0x0000000083d00000, 0x0000000083d00000| Untracked 
|  40|0x0000000083e00000, 0x0000000083e00000, 0x0000000083f00000|  0%| F|  |TAMS 0x0000000083e00000, 0x0000000083e00000| Untracked 
|  41|0x0000000083f00000, 0x0000000083f00000, 0x0000000084000000|  0%| F|  |TAMS 0x0000000083f00000, 0x0000000083f00000| Untracked 
|  42|0x0000000084000000, 0x0000000084000000, 0x0000000084100000|  0%| F|  |TAMS 0x0000000084000000, 0x0000000084000000| Untracked 
|  43|0x0000000084100000, 0x0000000084100000, 0x0000000084200000|  0%| F|  |TAMS 0x0000000084100000, 0x0000000084100000| Untracked 
|  44|0x0000000084200000, 0x0000000084200000, 0x0000000084300000|  0%| F|  |TAMS 0x0000000084200000, 0x0000000084200000| Untracked 
|  45|0x0000000084300000, 0x0000000084300000, 0x0000000084400000|  0%| F|  |TAMS 0x0000000084300000, 0x0000000084300000| Untracked 
|  69|0x0000000085b00000, 0x0000000085b00000, 0x0000000085c00000|  0%| F|  |TAMS 0x0000000085b00000, 0x0000000085b00000| Untracked 
|  70|0x0000000085c00000, 0x0000000085c00000, 0x0000000085d00000|  0%| F|  |TAMS 0x0000000085c00000, 0x0000000085c00000| Untracked 
|  71|0x0000000085d00000, 0x0000000085d00000, 0x0000000085e00000|  0%| F|  |TAMS 0x0000000085d00000, 0x0000000085d00000| Untracked 
|  72|0x0000000085e00000, 0x0000000085e00000, 0x0000000085f00000|  0%| F|  |TAMS 0x0000000085e00000, 0x0000000085e00000| Untracked 
|  73|0x0000000085f00000, 0x0000000085f00000, 0x0000000086000000|  0%| F|  |TAMS 0x0000000085f00000, 0x0000000085f00000| Untracked 
|  74|0x0000000086000000, 0x00000000860060c0, 0x0000000086100000|  2%| S|CS|TAMS 0x0000000086000000, 0x0000000086000000| Complete 
|  75|0x0000000086100000, 0x0000000086100000, 0x0000000086200000|  0%| F|  |TAMS 0x0000000086100000, 0x0000000086100000| Untracked 
| 127|0x0000000089500000, 0x0000000089515df8, 0x0000000089600000|  8%| E|  |TAMS 0x0000000089500000, 0x0000000089500000| Complete 

Card table byte_map: [0x0000022cbbe10000,0x0000022cbc210000] _byte_map_base: 0x0000022cbba05000

Marking Bits (Prev, Next): (CMBitMap*) 0x0000022ca3186d60, (CMBitMap*) 0x0000022ca3186d20
 Prev Bits: [0x0000022cbe5c0000, 0x0000022cc0568000)
 Next Bits: [0x0000022cbc610000, 0x0000022cbe5b8000)

Polling page: 0x0000022ca31f0000

Metaspace:

Usage:
  Non-class:     54.96 MB used.
      Class:      8.70 MB used.
       Both:     63.65 MB used.

Virtual space:
  Non-class space:       64.00 MB reserved,      55.19 MB ( 86%) committed,  1 nodes.
      Class space:        1.00 GB reserved,       8.94 MB ( <1%) committed,  1 nodes.
             Both:        1.06 GB reserved,      64.12 MB (  6%) committed. 

Chunk freelists:
   Non-Class:  8.80 MB
       Class:  7.04 MB
        Both:  15.84 MB

MaxMetaspaceSize: unlimited
CompressedClassSpaceSize: 1.00 GB
Initial GC threshold: 21.00 MB
Current GC threshold: 105.31 MB
CDS: on
MetaspaceReclaimPolicy: balanced
 - commit_granule_bytes: 65536.
 - commit_granule_words: 8192.
 - virtual_space_node_default_size: 8388608.
 - enlarge_chunks_in_place: 1.
 - new_chunks_are_fully_committed: 0.
 - uncommit_free_chunks: 1.
 - use_allocation_guard: 0.
 - handle_deallocations: 1.


Internal statistics:

num_allocs_failed_limit: 9.
num_arena_births: 834.
num_arena_deaths: 292.
num_vsnodes_births: 2.
num_vsnodes_deaths: 0.
num_space_committed: 1026.
num_space_uncommitted: 0.
num_chunks_returned_to_freelist: 326.
num_chunks_taken_from_freelist: 3375.
num_chunk_merges: 126.
num_chunk_splits: 2378.
num_chunks_enlarged: 1866.
num_inconsistent_stats: 0.

CodeHeap 'non-profiled nmethods': size=120000Kb used=4109Kb max_used=4109Kb free=115890Kb
 bounds [0x0000022cb3a70000, 0x0000022cb3e80000, 0x0000022cbafa0000]
CodeHeap 'profiled nmethods': size=120000Kb used=9836Kb max_used=9836Kb free=110163Kb
 bounds [0x0000022cabfa0000, 0x0000022cac940000, 0x0000022cb34d0000]
CodeHeap 'non-nmethods': size=5760Kb used=1342Kb max_used=1423Kb free=4417Kb
 bounds [0x0000022cb34d0000, 0x0000022cb3740000, 0x0000022cb3a70000]
 total_blobs=5698 nmethods=5017 adapters=593
 compilation: enabled
              stopped_count=0, restarted_count=0
 full_count=0

Compilation events (20 events):
Event: 11291.613 Thread 0x0000022cc3045730 5763       3       com.zaxxer.hikari.util.ClockSource::currentTime (9 bytes)
Event: 11291.613 Thread 0x0000022cc3045730 nmethod 5763 0x0000022cac939210 code [0x0000022cac9393a0, 0x0000022cac939518]
Event: 11291.613 Thread 0x0000022cc3045730 5764       3       com.zaxxer.hikari.util.ClockSource$NanosecondClockSource::currentTime0 (4 bytes)
Event: 11291.613 Thread 0x0000022cc3045730 nmethod 5764 0x0000022cac939610 code [0x0000022cac9397a0, 0x0000022cac9398d8]
Event: 11441.641 Thread 0x0000022cc3045730 5765       3       com.zaxxer.hikari.util.ConcurrentBag::getCount (49 bytes)
Event: 11441.643 Thread 0x0000022cc3045730 nmethod 5765 0x0000022cac939990 code [0x0000022cac939bc0, 0x0000022cac93a4f8]
Event: 11534.001 Thread 0x0000022cc3044460 5766       4       org.apache.coyote.AbstractProtocol$$Lambda$1458/0x0000022cc587e710::run (8 bytes)
Event: 11534.059 Thread 0x0000022cc3044460 nmethod 5766 0x0000022cb3e72310 code [0x0000022cb3e724a0, 0x0000022cb3e72838]
Event: 11534.059 Thread 0x0000022cc3044460 5767       4       org.apache.coyote.AbstractProtocol::lambda$startAsyncTimeout$0 (46 bytes)
Event: 11534.073 Thread 0x0000022cc3044460 nmethod 5767 0x0000022cb3e72c10 code [0x0000022cb3e72da0, 0x0000022cb3e73118]
Event: 11600.684 Thread 0x0000022cc3045730 5768       3       java.util.regex.Pattern$Node::study (21 bytes)
Event: 11600.684 Thread 0x0000022cc3045730 nmethod 5768 0x0000022cac93a810 code [0x0000022cac93a9c0, 0x0000022cac93ac08]
Event: 11600.684 Thread 0x0000022cc3045730 5769       3       java.util.regex.Pattern$TreeInfo::reset (21 bytes)
Event: 11600.685 Thread 0x0000022cc3045730 nmethod 5769 0x0000022cac93ad10 code [0x0000022cac93aea0, 0x0000022cac93afb8]
Event: 11600.685 Thread 0x0000022cc3045730 5770       3       java.io.File::getAbsolutePath (8 bytes)
Event: 11600.685 Thread 0x0000022cc3045730 nmethod 5770 0x0000022cac93b090 code [0x0000022cac93b240, 0x0000022cac93b3a8]
Event: 11600.685 Thread 0x0000022cc3045730 5771       3       java.util.regex.Pattern::skip (23 bytes)
Event: 11600.715 Thread 0x0000022cc3045730 nmethod 5771 0x0000022cac93b490 code [0x0000022cac93b620, 0x0000022cac93b758]
Event: 11600.752 Thread 0x0000022cc3045730 5772       3       java.lang.Long::toString (55 bytes)
Event: 11600.752 Thread 0x0000022cc3045730 nmethod 5772 0x0000022cac93b810 code [0x0000022cac93b9e0, 0x0000022cac93bd78]

GC Heap History (20 events):
Event: 13.688 GC heap before
{Heap before GC invocations=15 (full 0):
 garbage-first heap   total 55296K, used 26046K [0x0000000081600000, 0x0000000100000000)
  region size 1024K, 4 young (4096K), 3 survivors (3072K)
 Metaspace       used 59609K, committed 60160K, reserved 1114112K
  class space    used 8167K, committed 8448K, reserved 1048576K
}
Event: 13.692 GC heap after
{Heap after GC invocations=16 (full 0):
 garbage-first heap   total 55296K, used 26679K [0x0000000081600000, 0x0000000100000000)
  region size 1024K, 1 young (1024K), 1 survivors (1024K)
 Metaspace       used 59609K, committed 60160K, reserved 1114112K
  class space    used 8167K, committed 8448K, reserved 1048576K
}
Event: 137.453 GC heap before
{Heap before GC invocations=17 (full 0):
 garbage-first heap   total 55296K, used 44087K [0x0000000081600000, 0x0000000100000000)
  region size 1024K, 18 young (18432K), 1 survivors (1024K)
 Metaspace       used 62396K, committed 62976K, reserved 1114112K
  class space    used 8563K, committed 8832K, reserved 1048576K
}
Event: 137.458 GC heap after
{Heap after GC invocations=18 (full 0):
 garbage-first heap   total 55296K, used 27636K [0x0000000081600000, 0x0000000100000000)
  region size 1024K, 2 young (2048K), 2 survivors (2048K)
 Metaspace       used 62396K, committed 62976K, reserved 1114112K
  class space    used 8563K, committed 8832K, reserved 1048576K
}
Event: 1024.529 GC heap before
{Heap before GC invocations=18 (full 0):
 garbage-first heap   total 55296K, used 44020K [0x0000000081600000, 0x0000000100000000)
  region size 1024K, 18 young (18432K), 2 survivors (2048K)
 Metaspace       used 63978K, committed 64512K, reserved 1114112K
  class space    used 8745K, committed 9024K, reserved 1048576K
}
Event: 1024.533 GC heap after
{Heap after GC invocations=19 (full 0):
 garbage-first heap   total 55296K, used 28062K [0x0000000081600000, 0x0000000100000000)
  region size 1024K, 2 young (2048K), 2 survivors (2048K)
 Metaspace       used 63978K, committed 64512K, reserved 1114112K
  class space    used 8745K, committed 9024K, reserved 1048576K
}
Event: 2322.372 GC heap before
{Heap before GC invocations=20 (full 0):
 garbage-first heap   total 55296K, used 44446K [0x0000000081600000, 0x0000000100000000)
  region size 1024K, 18 young (18432K), 2 survivors (2048K)
 Metaspace       used 64004K, committed 64704K, reserved 1114112K
  class space    used 8746K, committed 9088K, reserved 1048576K
}
Event: 2322.494 GC heap after
{Heap after GC invocations=21 (full 0):
 garbage-first heap   total 55296K, used 27995K [0x0000000081600000, 0x0000000100000000)
  region size 1024K, 1 young (1024K), 1 survivors (1024K)
 Metaspace       used 64004K, committed 64704K, reserved 1114112K
  class space    used 8746K, committed 9088K, reserved 1048576K
}
Event: 3790.576 GC heap before
{Heap before GC invocations=21 (full 0):
 garbage-first heap   total 55296K, used 45403K [0x0000000081600000, 0x0000000100000000)
  region size 1024K, 18 young (18432K), 1 survivors (1024K)
 Metaspace       used 64035K, committed 64704K, reserved 1114112K
  class space    used 8746K, committed 9088K, reserved 1048576K
}
Event: 3790.681 GC heap after
{Heap after GC invocations=22 (full 0):
 garbage-first heap   total 55296K, used 27818K [0x0000000081600000, 0x0000000100000000)
  region size 1024K, 1 young (1024K), 1 survivors (1024K)
 Metaspace       used 64035K, committed 64704K, reserved 1114112K
  class space    used 8746K, committed 9088K, reserved 1048576K
}
Event: 11264.754 GC heap before
{Heap before GC invocations=23 (full 0):
 garbage-first heap   total 55296K, used 44202K [0x0000000081600000, 0x0000000100000000)
  region size 1024K, 18 young (18432K), 1 survivors (1024K)
 Metaspace       used 65164K, committed 65664K, reserved 1114112K
  class space    used 8901K, committed 9152K, reserved 1048576K
}
Event: 11265.722 GC heap after
{Heap after GC invocations=24 (full 0):
 garbage-first heap   total 55296K, used 29106K [0x0000000081600000, 0x0000000100000000)
  region size 1024K, 2 young (2048K), 2 survivors (2048K)
 Metaspace       used 65164K, committed 65664K, reserved 1114112K
  class space    used 8901K, committed 9152K, reserved 1048576K
}
Event: 11352.245 GC heap before
{Heap before GC invocations=24 (full 0):
 garbage-first heap   total 55296K, used 30130K [0x0000000081600000, 0x0000000100000000)
  region size 1024K, 3 young (3072K), 2 survivors (2048K)
 Metaspace       used 65165K, committed 65664K, reserved 1114112K
  class space    used 8901K, committed 9152K, reserved 1048576K
}
Event: 11352.392 GC heap after
{Heap after GC invocations=25 (full 0):
 garbage-first heap   total 55296K, used 28650K [0x0000000081600000, 0x0000000100000000)
  region size 1024K, 1 young (1024K), 1 survivors (1024K)
 Metaspace       used 65165K, committed 65664K, reserved 1114112K
  class space    used 8901K, committed 9152K, reserved 1048576K
}
Event: 11438.872 GC heap before
{Heap before GC invocations=25 (full 0):
 garbage-first heap   total 55296K, used 29674K [0x0000000081600000, 0x0000000100000000)
  region size 1024K, 2 young (2048K), 1 survivors (1024K)
 Metaspace       used 65165K, committed 65664K, reserved 1114112K
  class space    used 8901K, committed 9152K, reserved 1048576K
}
Event: 11438.981 GC heap after
{Heap after GC invocations=26 (full 0):
 garbage-first heap   total 55296K, used 28268K [0x0000000081600000, 0x0000000100000000)
  region size 1024K, 1 young (1024K), 1 survivors (1024K)
 Metaspace       used 65165K, committed 65664K, reserved 1114112K
  class space    used 8901K, committed 9152K, reserved 1048576K
}
Event: 11525.452 GC heap before
{Heap before GC invocations=26 (full 0):
 garbage-first heap   total 55296K, used 29292K [0x0000000081600000, 0x0000000100000000)
  region size 1024K, 2 young (2048K), 1 survivors (1024K)
 Metaspace       used 65166K, committed 65664K, reserved 1114112K
  class space    used 8901K, committed 9152K, reserved 1048576K
}
Event: 11525.457 GC heap after
{Heap after GC invocations=27 (full 0):
 garbage-first heap   total 55296K, used 27727K [0x0000000081600000, 0x0000000100000000)
  region size 1024K, 1 young (1024K), 1 survivors (1024K)
 Metaspace       used 65166K, committed 65664K, reserved 1114112K
  class space    used 8901K, committed 9152K, reserved 1048576K
}
Event: 11600.685 GC heap before
{Heap before GC invocations=27 (full 0):
 garbage-first heap   total 55296K, used 28751K [0x0000000081600000, 0x0000000100000000)
  region size 1024K, 2 young (2048K), 1 survivors (1024K)
 Metaspace       used 65178K, committed 65664K, reserved 1114112K
  class space    used 8904K, committed 9152K, reserved 1048576K
}
Event: 11600.715 GC heap after
{Heap after GC invocations=28 (full 0):
 garbage-first heap   total 55296K, used 27320K [0x0000000081600000, 0x0000000100000000)
  region size 1024K, 1 young (1024K), 1 survivors (1024K)
 Metaspace       used 65178K, committed 65664K, reserved 1114112K
  class space    used 8904K, committed 9152K, reserved 1048576K
}

Deoptimization events (20 events):
Event: 11600.195 Thread 0x0000022d0b7a4950 Uncommon trap: trap_request=0xffffff45 fr.pc=0x0000022cb3c9ad70 relative=0x0000000000001870
Event: 11600.195 Thread 0x0000022d0b7a4950 Uncommon trap: reason=unstable_if action=reinterpret pc=0x0000022cb3c9ad70 method=java.util.AbstractSet.equals(Ljava/lang/Object;)Z @ 31 c2
Event: 11600.195 Thread 0x0000022d0b7a4950 DEOPT PACKING pc=0x0000022cb3c9ad70 sp=0x000000d8d69ff0a0
Event: 11600.196 Thread 0x0000022d0b7a4950 DEOPT UNPACKING pc=0x0000022cb35223a3 sp=0x000000d8d69fef20 mode 2
Event: 11600.602 Thread 0x0000022d0b7a4950 Uncommon trap: trap_request=0xffffffc6 fr.pc=0x0000022cb3bac0fc relative=0x000000000000021c
Event: 11600.602 Thread 0x0000022d0b7a4950 Uncommon trap: reason=bimorphic_or_optimized_type_check action=maybe_recompile pc=0x0000022cb3bac0fc method=java.util.AbstractSet.equals(Ljava/lang/Object;)Z @ 28 c2
Event: 11600.602 Thread 0x0000022d0b7a4950 DEOPT PACKING pc=0x0000022cb3bac0fc sp=0x000000d8d69ff060
Event: 11600.602 Thread 0x0000022d0b7a4950 DEOPT UNPACKING pc=0x0000022cb35223a3 sp=0x000000d8d69feff8 mode 2
Event: 11600.602 Thread 0x0000022d0b7a4950 Uncommon trap: trap_request=0xffffffc6 fr.pc=0x0000022cb3c1e920 relative=0x0000000000001300
Event: 11600.602 Thread 0x0000022d0b7a4950 Uncommon trap: reason=bimorphic_or_optimized_type_check action=maybe_recompile pc=0x0000022cb3c1e920 method=java.util.AbstractCollection.containsAll(Ljava/util/Collection;)Z @ 25 c2
Event: 11600.602 Thread 0x0000022d0b7a4950 DEOPT PACKING pc=0x0000022cb3c1e920 sp=0x000000d8d69fefa0
Event: 11600.603 Thread 0x0000022d0b7a4950 DEOPT UNPACKING pc=0x0000022cb35223a3 sp=0x000000d8d69fef78 mode 2
Event: 11600.603 Thread 0x0000022d0b7a4950 Uncommon trap: trap_request=0xffffff45 fr.pc=0x0000022cb3bac134 relative=0x0000000000000254
Event: 11600.603 Thread 0x0000022d0b7a4950 Uncommon trap: reason=unstable_if action=reinterpret pc=0x0000022cb3bac134 method=java.util.AbstractSet.equals(Ljava/lang/Object;)Z @ 31 c2
Event: 11600.603 Thread 0x0000022d0b7a4950 DEOPT PACKING pc=0x0000022cb3bac134 sp=0x000000d8d69fef30
Event: 11600.603 Thread 0x0000022d0b7a4950 DEOPT UNPACKING pc=0x0000022cb35223a3 sp=0x000000d8d69feeb8 mode 2
Event: 11600.749 Thread 0x0000022d0b7a4950 Uncommon trap: trap_request=0xfffffff4 fr.pc=0x0000022cb3ba3844 relative=0x0000000000000604
Event: 11600.749 Thread 0x0000022d0b7a4950 Uncommon trap: reason=null_check action=make_not_entrant pc=0x0000022cb3ba3844 method=java.lang.Class.reflectionData()Ljava/lang/Class$ReflectionData; @ 18 c2
Event: 11600.749 Thread 0x0000022d0b7a4950 DEOPT PACKING pc=0x0000022cb3ba3844 sp=0x000000d8d69fe690
Event: 11600.749 Thread 0x0000022d0b7a4950 DEOPT UNPACKING pc=0x0000022cb35223a3 sp=0x000000d8d69fe580 mode 2

Classes unloaded (20 events):
Event: 3790.939 Thread 0x0000022cc30109e0 Unloading class 0x0000022cc510dc00 'java/lang/invoke/LambdaForm$MH+0x0000022cc510dc00'
Event: 3790.952 Thread 0x0000022cc30109e0 Unloading class 0x0000022cc50b8000 'java/lang/invoke/LambdaForm$DMH+0x0000022cc50b8000'
Event: 3790.975 Thread 0x0000022cc30109e0 Unloading class 0x0000022cc508d800 'java/lang/invoke/LambdaForm$MH+0x0000022cc508d800'
Event: 3790.975 Thread 0x0000022cc30109e0 Unloading class 0x0000022cc508d400 'java/lang/invoke/LambdaForm$MH+0x0000022cc508d400'
Event: 3790.976 Thread 0x0000022cc30109e0 Unloading class 0x0000022cc508d000 'java/lang/invoke/LambdaForm$MH+0x0000022cc508d000'
Event: 3790.976 Thread 0x0000022cc30109e0 Unloading class 0x0000022cc508cc00 'java/lang/invoke/LambdaForm$MH+0x0000022cc508cc00'
Event: 3790.976 Thread 0x0000022cc30109e0 Unloading class 0x0000022cc508c800 'java/lang/invoke/LambdaForm$MH+0x0000022cc508c800'
Event: 3790.976 Thread 0x0000022cc30109e0 Unloading class 0x0000022cc508c400 'java/lang/invoke/LambdaForm$MH+0x0000022cc508c400'
Event: 3790.976 Thread 0x0000022cc30109e0 Unloading class 0x0000022cc5018c00 'java/lang/invoke/LambdaForm$MH+0x0000022cc5018c00'
Event: 3790.976 Thread 0x0000022cc30109e0 Unloading class 0x0000022cc5018800 'java/lang/invoke/LambdaForm$MH+0x0000022cc5018800'
Event: 3790.982 Thread 0x0000022cc30109e0 Unloading class 0x0000022cc5018000 'java/lang/invoke/LambdaForm$MH+0x0000022cc5018000'
Event: 3790.982 Thread 0x0000022cc30109e0 Unloading class 0x0000022cc5017c00 'java/lang/invoke/LambdaForm$MH+0x0000022cc5017c00'
Event: 3790.982 Thread 0x0000022cc30109e0 Unloading class 0x0000022cc5016c00 'java/lang/invoke/LambdaForm$MH+0x0000022cc5016c00'
Event: 3790.982 Thread 0x0000022cc30109e0 Unloading class 0x0000022cc5016400 'java/lang/invoke/LambdaForm$MH+0x0000022cc5016400'
Event: 3790.982 Thread 0x0000022cc30109e0 Unloading class 0x0000022cc5016000 'java/lang/invoke/LambdaForm$MH+0x0000022cc5016000'
Event: 3790.982 Thread 0x0000022cc30109e0 Unloading class 0x0000022cc5015c00 'java/lang/invoke/LambdaForm$MH+0x0000022cc5015c00'
Event: 3790.982 Thread 0x0000022cc30109e0 Unloading class 0x0000022cc5015800 'java/lang/invoke/LambdaForm$MH+0x0000022cc5015800'
Event: 3790.982 Thread 0x0000022cc30109e0 Unloading class 0x0000022cc5015400 'java/lang/invoke/LambdaForm$MH+0x0000022cc5015400'
Event: 3790.982 Thread 0x0000022cc30109e0 Unloading class 0x0000022cc5014c00 'java/lang/invoke/LambdaForm$MH+0x0000022cc5014c00'
Event: 3790.982 Thread 0x0000022cc30109e0 Unloading class 0x0000022cc5014400 'java/lang/invoke/LambdaForm$MH+0x0000022cc5014400'

Classes redefined (0 events):
No events

Internal exceptions (20 events):
Event: 10741.279 Thread 0x0000022d0b7a76e0 Implicit null exception at 0x0000022cb3d8ebac to 0x0000022cb3d9166c
Event: 10742.174 Thread 0x0000022d0b7a76e0 Implicit null exception at 0x0000022cb3c218f6 to 0x0000022cb3c21cac
Event: 10743.550 Thread 0x0000022d0b7a76e0 Implicit null exception at 0x0000022cb3da0840 to 0x0000022cb3da0f10
Event: 10743.694 Thread 0x0000022d0b7a76e0 Exception <a 'java/io/IOException'{0x0000000085bfa648}> (0x0000000085bfa648) 
thrown [s\open\src\hotspot\share\prims\jni.cpp, line 516]
Event: 10927.921 Thread 0x0000022d0b7a8100 Implicit null exception at 0x0000022cb3c9116c to 0x0000022cb3c91ec8
Event: 10929.651 Thread 0x0000022d0b7a8100 Exception <a 'java/lang/NoSuchMethodError'{0x0000000083fc85a8}: 'int java.lang.invoke.DirectMethodHandle$Holder.invokeStatic(java.lang.Object, java.lang.Object, int, int)'> (0x0000000083fc85a8) 
thrown [s\open\src\hotspot\share\interpreter\linkResolver.cpp, line 759]
Event: 10929.678 Thread 0x0000022d0b7a8100 Exception <a 'java/io/IOException'{0x0000000083fce388}> (0x0000000083fce388) 
thrown [s\open\src\hotspot\share\prims\jni.cpp, line 516]
Event: 10929.840 Thread 0x0000022d0b7a8100 Exception <a 'java/io/IOException'{0x0000000083e118b8}> (0x0000000083e118b8) 
thrown [s\open\src\hotspot\share\prims\jni.cpp, line 516]
Event: 10929.840 Thread 0x0000022d0b7a8100 Exception <a 'java/io/IOException'{0x0000000083e139b8}> (0x0000000083e139b8) 
thrown [s\open\src\hotspot\share\prims\jni.cpp, line 516]
Event: 10930.215 Thread 0x0000022d0b7a8100 Exception <a 'java/lang/reflect/InvocationTargetException'{0x0000000083e3ce28}> (0x0000000083e3ce28) 
thrown [s\open\src\hotspot\share\runtime\reflection.cpp, line 1121]
Event: 10930.215 Thread 0x0000022d0b7a8100 Exception <a 'java/lang/reflect/InvocationTargetException'{0x0000000083e3d648}> (0x0000000083e3d648) 
thrown [s\open\src\hotspot\share\runtime\reflection.cpp, line 1121]
Event: 10930.215 Thread 0x0000022d0b7a8100 Exception <a 'java/lang/reflect/InvocationTargetException'{0x0000000083e3de68}> (0x0000000083e3de68) 
thrown [s\open\src\hotspot\share\runtime\reflection.cpp, line 1121]
Event: 11535.004 Thread 0x0000022cc304de20 Implicit null exception at 0x0000022cb3e72533 to 0x0000022cb3e727e8
Event: 11536.004 Thread 0x0000022cc304de20 Implicit null exception at 0x0000022cb3e72533 to 0x0000022cb3e727e8
Event: 11536.989 Thread 0x0000022cc304de20 Implicit null exception at 0x0000022cb3e72533 to 0x0000022cb3e727e8
Event: 11537.992 Thread 0x0000022cc304de20 Implicit null exception at 0x0000022cb3e72533 to 0x0000022cb3e727e8
Event: 11538.993 Thread 0x0000022cc304e330 Implicit null exception at 0x0000022cb3e72e19 to 0x0000022cb3e730cc
Event: 11599.781 Thread 0x0000022d0b7a4950 Implicit null exception at 0x0000022cb3e49ce7 to 0x0000022cb3e514ac
Event: 11600.749 Thread 0x0000022d0b7a4950 Implicit null exception at 0x0000022cb3ba3294 to 0x0000022cb3ba382c
Event: 11602.829 Thread 0x0000022d0b7a4950 Exception <a 'java/io/IOException'{0x000000008950bab0}> (0x000000008950bab0) 
thrown [s\open\src\hotspot\share\prims\jni.cpp, line 516]

VM Operations (20 events):
Event: 10744.476 Executing VM operation: Cleanup
Event: 10744.476 Executing VM operation: Cleanup done
Event: 10928.185 Executing VM operation: Cleanup
Event: 10928.185 Executing VM operation: Cleanup done
Event: 10929.143 Executing VM operation: HandshakeAllThreads
Event: 10929.143 Executing VM operation: HandshakeAllThreads done
Event: 10930.153 Executing VM operation: Cleanup
Event: 10930.169 Executing VM operation: Cleanup done
Event: 10931.176 Executing VM operation: Cleanup
Event: 10931.177 Executing VM operation: Cleanup done
Event: 11264.754 Executing VM operation: G1CollectForAllocation
Event: 11265.722 Executing VM operation: G1CollectForAllocation done
Event: 11352.245 Executing VM operation: G1CollectForAllocation
Event: 11352.392 Executing VM operation: G1CollectForAllocation done
Event: 11438.871 Executing VM operation: G1CollectForAllocation
Event: 11438.981 Executing VM operation: G1CollectForAllocation done
Event: 11525.452 Executing VM operation: G1CollectForAllocation
Event: 11525.458 Executing VM operation: G1CollectForAllocation done
Event: 11600.685 Executing VM operation: G1CollectForAllocation
Event: 11600.715 Executing VM operation: G1CollectForAllocation done

Events (20 events):
Event: 3475.060 Thread 0x0000022d0b7a9a50 Thread added: 0x0000022d0b7a9a50
Event: 3475.061 Thread 0x0000022d0b7a9f60 Thread added: 0x0000022d0b7a9f60
Event: 3480.071 Thread 0x0000022d0b7a9a50 Thread exited: 0x0000022d0b7a9a50
Event: 3480.103 Thread 0x0000022d0b7a9f60 Thread exited: 0x0000022d0b7a9f60
Event: 10510.861 Thread 0x0000022d0a7b9f40 Thread added: 0x0000022d0a7b9f40
Event: 10510.861 Thread 0x0000022d0a7b64d0 Thread added: 0x0000022d0a7b64d0
Event: 10511.414 Thread 0x0000022d0b7a9a50 Thread added: 0x0000022d0b7a9a50
Event: 10512.876 Thread 0x0000022d0b7a9f60 Thread added: 0x0000022d0b7a9f60
Event: 10517.970 Thread 0x0000022d0a7b64d0 Thread exited: 0x0000022d0a7b64d0
Event: 10518.677 Thread 0x0000022d0a7b9f40 Thread exited: 0x0000022d0a7b9f40
Event: 10523.691 Thread 0x0000022d0b7a9a50 Thread exited: 0x0000022d0b7a9a50
Event: 10524.390 Thread 0x0000022d0b7a9f60 Thread exited: 0x0000022d0b7a9f60
Event: 10741.467 loading class org/w3c/dom/Node
Event: 10741.839 loading class org/w3c/dom/Node done
Event: 10741.839 loading class org/w3c/dom/Document
Event: 10741.853 loading class org/w3c/dom/Document done
Event: 10929.466 loading class jdk/internal/reflect/UnsafeBooleanFieldAccessorImpl
Event: 10929.516 loading class jdk/internal/reflect/UnsafeBooleanFieldAccessorImpl done
Event: 10929.762 loading class java/text/MessageFormat$Field
Event: 10929.784 loading class java/text/MessageFormat$Field done


Dynamic libraries:
0x00007ff767480000 - 0x00007ff767490000 	C:\Program Files\Java\jdk-17\bin\java.exe
0x00007ffa69180000 - 0x00007ffa693e8000 	C:\WINDOWS\SYSTEM32\ntdll.dll
0x00007ffa68440000 - 0x00007ffa68509000 	C:\WINDOWS\System32\KERNEL32.DLL
0x00007ffa665a0000 - 0x00007ffa6698d000 	C:\WINDOWS\System32\KERNELBASE.dll
0x00007ffa66b80000 - 0x00007ffa66ccb000 	C:\WINDOWS\System32\ucrtbase.dll
0x00007ffa46300000 - 0x00007ffa46319000 	C:\Program Files\Java\jdk-17\bin\jli.dll
0x00007ffa461a0000 - 0x00007ffa461bb000 	C:\Program Files\Java\jdk-17\bin\VCRUNTIME140.dll
0x00007ffa67de0000 - 0x00007ffa67e94000 	C:\WINDOWS\System32\ADVAPI32.dll
0x00007ffa69090000 - 0x00007ffa69139000 	C:\WINDOWS\System32\msvcrt.dll
0x00007ffa68c80000 - 0x00007ffa68d26000 	C:\WINDOWS\System32\sechost.dll
0x00007ffa68f70000 - 0x00007ffa69088000 	C:\WINDOWS\System32\RPCRT4.dll
0x00007ffa68510000 - 0x00007ffa686dc000 	C:\WINDOWS\System32\USER32.dll
0x00007ffa66cd0000 - 0x00007ffa66cf7000 	C:\WINDOWS\System32\win32u.dll
0x00007ffa67bb0000 - 0x00007ffa67bdb000 	C:\WINDOWS\System32\GDI32.dll
0x00007ffa54d20000 - 0x00007ffa54fba000 	C:\WINDOWS\WinSxS\amd64_microsoft.windows.common-controls_6595b64144ccf1df_6.0.26100.4484_none_3e0e6d4ce32ef3b3\COMCTL32.dll
0x00007ffa66a40000 - 0x00007ffa66b77000 	C:\WINDOWS\System32\gdi32full.dll
0x00007ffa66990000 - 0x00007ffa66a33000 	C:\WINDOWS\System32\msvcp_win.dll
0x00007ffa605a0000 - 0x00007ffa605ab000 	C:\WINDOWS\SYSTEM32\VERSION.dll
0x00007ffa67b70000 - 0x00007ffa67b9f000 	C:\WINDOWS\System32\IMM32.DLL
0x00007ffa462f0000 - 0x00007ffa462fc000 	C:\Program Files\Java\jdk-17\bin\vcruntime140_1.dll
0x00007ffa41370000 - 0x00007ffa413fe000 	C:\Program Files\Java\jdk-17\bin\msvcp140.dll
0x00007ff9f23c0000 - 0x00007ff9f2f9f000 	C:\Program Files\Java\jdk-17\bin\server\jvm.dll
0x00007ffa66f20000 - 0x00007ffa66f28000 	C:\WINDOWS\System32\PSAPI.DLL
0x00007ffa62710000 - 0x00007ffa6271a000 	C:\WINDOWS\SYSTEM32\WSOCK32.dll
0x00007ffa593b0000 - 0x00007ffa593e5000 	C:\WINDOWS\SYSTEM32\WINMM.dll
0x00007ffa683c0000 - 0x00007ffa68434000 	C:\WINDOWS\System32\WS2_32.dll
0x00007ffa65070000 - 0x00007ffa6508b000 	C:\WINDOWS\SYSTEM32\kernel.appcore.dll
0x00007ffa46120000 - 0x00007ffa4612a000 	C:\Program Files\Java\jdk-17\bin\jimage.dll
0x00007ffa63c10000 - 0x00007ffa63e51000 	C:\WINDOWS\SYSTEM32\DBGHELP.DLL
0x00007ffa68750000 - 0x00007ffa68ad6000 	C:\WINDOWS\System32\combase.dll
0x00007ffa68e80000 - 0x00007ffa68f60000 	C:\WINDOWS\System32\OLEAUT32.dll
0x00007ffa52210000 - 0x00007ffa52253000 	C:\WINDOWS\SYSTEM32\dbgcore.DLL
0x00007ffa66e80000 - 0x00007ffa66f19000 	C:\WINDOWS\System32\bcryptPrimitives.dll
0x00007ffa46110000 - 0x00007ffa4611e000 	C:\Program Files\Java\jdk-17\bin\instrument.dll
0x00007ffa41bc0000 - 0x00007ffa41be5000 	C:\Program Files\Java\jdk-17\bin\java.dll
0x00007ffa142a0000 - 0x00007ffa14377000 	C:\Program Files\Java\jdk-17\bin\jsvml.dll
0x00007ffa67040000 - 0x00007ffa6778a000 	C:\WINDOWS\System32\SHELL32.dll
0x00007ffa66360000 - 0x00007ffa664d4000 	C:\WINDOWS\System32\wintypes.dll
0x00007ffa63f50000 - 0x00007ffa647ab000 	C:\WINDOWS\SYSTEM32\windows.storage.dll
0x00007ffa68d30000 - 0x00007ffa68e25000 	C:\WINDOWS\System32\SHCORE.dll
0x00007ffa686e0000 - 0x00007ffa6874a000 	C:\WINDOWS\System32\shlwapi.dll
0x00007ffa661e0000 - 0x00007ffa6620f000 	C:\WINDOWS\SYSTEM32\profapi.dll
0x00007ffa41310000 - 0x00007ffa41328000 	C:\Program Files\Java\jdk-17\bin\zip.dll
0x00007ffa41350000 - 0x00007ffa41369000 	C:\Program Files\Java\jdk-17\bin\net.dll
0x00007ffa5efd0000 - 0x00007ffa5f0ee000 	C:\WINDOWS\SYSTEM32\WINHTTP.dll
0x00007ffa65600000 - 0x00007ffa6566a000 	C:\WINDOWS\system32\mswsock.dll
0x00007ffa41330000 - 0x00007ffa41346000 	C:\Program Files\Java\jdk-17\bin\nio.dll
0x00007ffa46040000 - 0x00007ffa4604a000 	C:\Program Files\Java\jdk-17\bin\management.dll
0x00007ffa45f90000 - 0x00007ffa45f9b000 	C:\Program Files\Java\jdk-17\bin\management_ext.dll
0x00007ffa45f50000 - 0x00007ffa45f5e000 	C:\Program Files\Java\jdk-17\bin\sunmscapi.dll
0x00007ffa66d00000 - 0x00007ffa66e77000 	C:\WINDOWS\System32\CRYPT32.dll
0x00007ffa65ad0000 - 0x00007ffa65b00000 	C:\WINDOWS\SYSTEM32\ncrypt.dll
0x00007ffa65a80000 - 0x00007ffa65abf000 	C:\WINDOWS\SYSTEM32\NTASN1.dll
0x00007ffa658b0000 - 0x00007ffa658cb000 	C:\WINDOWS\SYSTEM32\CRYPTSP.dll
0x00007ffa64fd0000 - 0x00007ffa6500b000 	C:\WINDOWS\system32\rsaenh.dll
0x00007ffa656a0000 - 0x00007ffa656cb000 	C:\WINDOWS\SYSTEM32\USERENV.dll
0x00007ffa661b0000 - 0x00007ffa661d6000 	C:\WINDOWS\SYSTEM32\bcrypt.dll
0x00007ffa658d0000 - 0x00007ffa658dc000 	C:\WINDOWS\SYSTEM32\CRYPTBASE.dll
0x00007ffa64aa0000 - 0x00007ffa64ad3000 	C:\WINDOWS\SYSTEM32\IPHLPAPI.DLL
0x00007ffa67ea0000 - 0x00007ffa67eaa000 	C:\WINDOWS\System32\NSI.dll
0x00007ffa5eba0000 - 0x00007ffa5ebbf000 	C:\WINDOWS\SYSTEM32\dhcpcsvc6.DLL
0x00007ffa5e6f0000 - 0x00007ffa5e715000 	C:\WINDOWS\SYSTEM32\dhcpcsvc.DLL
0x00007ffa64b30000 - 0x00007ffa64c56000 	C:\WINDOWS\SYSTEM32\DNSAPI.dll
0x00007ffa45d50000 - 0x00007ffa45d60000 	C:\Program Files\Java\jdk-17\bin\verify.dll
0x00007ffa422d0000 - 0x00007ffa422d8000 	C:\WINDOWS\system32\wshunix.dll

dbghelp: loaded successfully - version: 4.0.5 - missing functions: none
symbol engine: initialized successfully - sym options: 0x614 - pdb path: .;C:\Program Files\Java\jdk-17\bin;C:\WINDOWS\SYSTEM32;C:\WINDOWS\WinSxS\amd64_microsoft.windows.common-controls_6595b64144ccf1df_6.0.26100.4484_none_3e0e6d4ce32ef3b3;C:\Program Files\Java\jdk-17\bin\server

VM Arguments:
jvm_args: -javaagent:C:\Program Files\JetBrains\IntelliJ IDEA Community Edition 2025.1\lib\idea_rt.jar=3668 -Dfile.encoding=UTF-8 
java_command: com.ruhama.Ecom_proj.EcomProjApplication
java_class_path (initial): D:\traning java\Ecom-proj\target\classes;C:\Users\hp\.m2\repository\org\springframework\boot\spring-boot-starter-data-jpa\3.5.4\spring-boot-starter-data-jpa-3.5.4.jar;C:\Users\hp\.m2\repository\org\springframework\boot\spring-boot-starter\3.5.4\spring-boot-starter-3.5.4.jar;C:\Users\hp\.m2\repository\org\springframework\boot\spring-boot-starter-logging\3.5.4\spring-boot-starter-logging-3.5.4.jar;C:\Users\hp\.m2\repository\ch\qos\logback\logback-classic\1.5.18\logback-classic-1.5.18.jar;C:\Users\hp\.m2\repository\ch\qos\logback\logback-core\1.5.18\logback-core-1.5.18.jar;C:\Users\hp\.m2\repository\org\apache\logging\log4j\log4j-to-slf4j\2.24.3\log4j-to-slf4j-2.24.3.jar;C:\Users\hp\.m2\repository\org\apache\logging\log4j\log4j-api\2.24.3\log4j-api-2.24.3.jar;C:\Users\hp\.m2\repository\org\slf4j\jul-to-slf4j\2.0.17\jul-to-slf4j-2.0.17.jar;C:\Users\hp\.m2\repository\jakarta\annotation\jakarta.annotation-api\2.1.1\jakarta.annotation-api-2.1.1.jar;C:\Users\hp\.m2\repository\org\yaml\snakeyaml\2.4\snakeyaml-2.4.jar;C:\Users\hp\.m2\repository\org\springframework\boot\spring-boot-starter-jdbc\3.5.4\spring-boot-starter-jdbc-3.5.4.jar;C:\Users\hp\.m2\repository\com\zaxxer\HikariCP\6.3.1\HikariCP-6.3.1.jar;C:\Users\hp\.m2\repository\org\springframework\spring-jdbc\6.2.9\spring-jdbc-6.2.9.jar;C:\Users\hp\.m2\repository\org\hibernate\orm\hibernate-core\6.6.22.Final\hibernate-core-6.6.22.Final.jar;C:\Users\hp\.m2\repository\jakarta\persistence\jakarta.persistence-api\3.1.0\jakarta.persistence-api-3.1.0.jar;C:\Users\hp\.m2\repository\jakarta\transaction\jakarta.transaction-api\2.0.1\jakarta.transaction-api-2.0.1.jar;C:\Users\hp\.m2\repository\org\jboss\logging\jboss-logging\3.6.1.Final\jboss-logging-3.6.1.Final.jar;C:\Users\hp\.m2\repository\org\hibernate\common\hibernate-commons-annotations\7.0.3.Final\hibernate-commons-annotations-7.0.3.Final.jar;C:\Users\hp\.m2\repository\io\smallrye\jandex\3.2.0\jandex-3.2.0.jar;C:\Users\hp\.m2\repository\com\faster
Launcher Type: SUN_STANDARD

[Global flags]
     intx CICompilerCount                          = 4                                         {product} {ergonomic}
     uint ConcGCThreads                            = 2                                         {product} {ergonomic}
     uint G1ConcRefinementThreads                  = 8                                         {product} {ergonomic}
   size_t G1HeapRegionSize                         = 1048576                                   {product} {ergonomic}
    uintx GCDrainStackTargetSize                   = 64                                        {product} {ergonomic}
   size_t InitialHeapSize                          = 134217728                                 {product} {ergonomic}
   size_t MarkStackSize                            = 4194304                                   {product} {ergonomic}
   size_t MaxHeapSize                              = 2124414976                                {product} {ergonomic}
   size_t MaxNewSize                               = 1274019840                                {product} {ergonomic}
   size_t MinHeapDeltaBytes                        = 1048576                                   {product} {ergonomic}
   size_t MinHeapSize                              = 8388608                                   {product} {ergonomic}
    uintx NonNMethodCodeHeapSize                   = 5839372                                {pd product} {ergonomic}
    uintx NonProfiledCodeHeapSize                  = 122909434                              {pd product} {ergonomic}
    uintx ProfiledCodeHeapSize                     = 122909434                              {pd product} {ergonomic}
    uintx ReservedCodeCacheSize                    = 251658240                              {pd product} {ergonomic}
     bool SegmentedCodeCache                       = true                                      {product} {ergonomic}
   size_t SoftMaxHeapSize                          = 2124414976                             {manageable} {ergonomic}
     bool UseCompressedClassPointers               = true                           {product lp64_product} {ergonomic}
     bool UseCompressedOops                        = true                           {product lp64_product} {ergonomic}
     bool UseG1GC                                  = true                                      {product} {ergonomic}
     bool UseLargePagesIndividualAllocation        = false                                  {pd product} {ergonomic}

Logging:
Log output configuration:
 #0: stdout all=warning uptime,level,tags
 #1: stderr all=off uptime,level,tags

Environment Variables:
PATH=C:\Program Files\Common Files\Oracle\Java\javapath;C:\ProgramData\Oracle\Java\javapath;C:\WINDOWS\system32;C:\WINDOWS;C:\WINDOWS\System32\Wbem;C:\WINDOWS\System32\WindowsPowerShell\v1.0\;C:\WINDOWS\System32\OpenSSH\;C:\Program Files (x86)\Brackets\command;C:\xampp\php;C:\Program Files (x86)\Microsoft SQL Server\160\Tools\Binn\;C:\Program Files\Microsoft SQL Server\160\Tools\Binn\;C:\Program Files\Microsoft SQL Server\Client SDK\ODBC\170\Tools\Binn\;C:\Program Files\Microsoft SQL Server\160\DTS\Binn\;C:\Program Files (x86)\Microsoft SQL Server\160\DTS\Binn\;D:\SW\xx\php;C:\xxamp\php;C:\Program Files\Microsoft SQL Server\150\Tools\Binn\;C:\Program Files\dotnet\;C:\Users\hp\AppData\Roaming\nvm;C:\Program Files\nodejs;C:\Gradle\gradle-7.6.4\bin;C:\Program Files\Git\cmd;C:\Program Files\Apache\Maven\apache-maven-3.9.9\bin;C:\Program Files\PostgreSQL\17\bin;C:\Users\hp\AppData\Local\Programs\Python\Python313\Scripts\;C:\Users\hp\AppData\Local\Programs\Python\Python313\;C:\Users\hp\AppData\Local\Programs\Python\Python36-32\Scripts\;C:\Users\hp\AppData\Local\Programs\Python\Python36-32\;C:\Users\hp\AppData\Local\Microsoft\WindowsApps;C:\Users\hp\AppData\Local\atom\bin;C:\Users\hp\AppData\Local\Microsoft\WindowsApps;C:\Program Files\Azure Data Studio\bin;C:\xampp\htdocs;D:\SW\xx;C:\Users\hp\.dotnet\tools;C:\Users\hp\AppData\Roaming\nvm;C:\Program Files\nodejs;C:\Program Files\JetBrains\PyCharm Community Edition 2024.3.2\bin;;C:\Users\hp\AppData\Local\Programs\Microsoft VS Code\bin;C:\Program Files\JetBrains\IntelliJ IDEA Community Edition 2025.1\bin;
USERNAME=hp
OS=Windows_NT
PROCESSOR_IDENTIFIER=Intel64 Family 6 Model 142 Stepping 10, GenuineIntel



---------------  S Y S T E M  ---------------

OS:
 Windows 11 , 64 bit Build 26100 (10.0.26100.4484)
OS uptime: 0 days 6:22 hours

CPU: total 8 (initial active 8) (4 cores per cpu, 2 threads per core) family 6 model 142 stepping 10 microcode 0xe0, cx8, cmov, fxsr, ht, mmx, 3dnowpref, sse, sse2, sse3, ssse3, sse4.1, sse4.2, popcnt, lzcnt, tsc, tscinvbit, avx, avx2, aes, erms, clmul, bmi1, bmi2, adx, fma, vzeroupper, clflush, clflushopt

Memory: 4k page, system-wide physical 8103M (1117M free)
TotalPageFile size 16295M (AvailPageFile size 0M)
current process WorkingSet (physical memory assigned to process): 137M, peak: 277M
current process commit charge ("private bytes"): 244M, peak: 314M

vm_info: Java HotSpot(TM) 64-Bit Server VM (17.0.10+11-LTS-240) for windows-amd64 JRE (17.0.10+11-LTS-240), built on Dec 19 2023 21:47:25 by "mach5one" with MS VC++ 17.1 (VS2022)

END.
